<?xml version="1.0" encoding="UTF-8"?>
<!-- Generated by org.testng.reporters.JUnitReportReporter -->
<testsuite skipped="0" hostname="azahar-PC" name="com.friday.qa.automat.TypicalTestCases" tests="9" failures="0" timestamp="11 Mar 2019 08:46:44 GMT" time="0.098" errors="0">
  <testcase name="solveConvertAddress_10Success" time="0.001" classname="com.friday.qa.automat.TypicalTestCases"/>
  <testcase name="solveConvertAddress_10Success" time="0.001" classname="com.friday.qa.automat.TypicalTestCases"/>
  <testcase name="solveConvertAddress_10Success" time="0.004" classname="com.friday.qa.automat.TypicalTestCases"/>
  <testcase name="solveConvertAddress_10Success" time="0.001" classname="com.friday.qa.automat.TypicalTestCases"/>
  <testcase name="solveConvertAddress_10Success" time="0.073" classname="com.friday.qa.automat.TypicalTestCases"/>
  <testcase name="solveConvertAddress_10Success" time="0.006" classname="com.friday.qa.automat.TypicalTestCases"/>
  <testcase name="solveConvertAddress_10Success" time="0.009" classname="com.friday.qa.automat.TypicalTestCases"/>
  <testcase name="solveConvertAddress_10Success" time="0.002" classname="com.friday.qa.automat.TypicalTestCases"/>
  <testcase name="solveConvertAddress_10Success" time="0.001" classname="com.friday.qa.automat.TypicalTestCases"/>
</testsuite> <!-- com.friday.qa.automat.TypicalTestCases -->
